<?xml version="1.0" encoding="UTF-8"?>
<!-- Generated by org.testng.reporters.JUnitReportReporter -->
<testsuite skipped="0" hostname="Tatianas-MacBook-Air.local" name="com.excel.saveData.UsingExcel_SingleDataSet" tests="1" failures="0" timestamp="03 Aug 2017 20:16:22 GMT" time="7.493" errors="0">
  <testcase name="testPostTOExcel_Table" time="7.493" classname="com.excel.saveData.UsingExcel_SingleDataSet"/>
</testsuite> <!-- com.excel.saveData.UsingExcel_SingleDataSet -->
